# JRE version: Java(TM) SE Runtime Environment (8.0_181-b13) (build 1.8.0_181-b13)
# Java VM: Java HotSpot(TM) 64-Bit Server VM (25.181-b13 mixed mode windows-amd64 compressed oops)
Heap:
 PSYoungGen      total 690176K, used 501779K [0x000000076af00000, 0x0000000795b00000, 0x00000007c0000000)
  eden space 680960K, 73% used [0x000000076af00000,0x000000078948cc18,0x0000000794800000)
  from space 9216K, 49% used [0x0000000795100000,0x0000000795578000,0x0000000795a00000)
  to   space 9216K, 0% used [0x0000000794800000,0x0000000794800000,0x0000000795100000)
 ParOldGen       total 161792K, used 73900K [0x00000006c0c00000, 0x00000006caa00000, 0x000000076af00000)
  object space 161792K, 45% used [0x00000006c0c00000,0x00000006c542b280,0x00000006caa00000)
 Metaspace       used 11452K, capacity 11644K, committed 11904K, reserved 1060864K
  class space    used 1306K, capacity 1388K, committed 1408K, reserved 1048576K
GC Heap History (10 events):
Event: 486.171 GC heap before
{Heap before GC invocations=641 (full 1):
 PSYoungGen      total 413696K, used 413536K [0x000000076af00000, 0x000000078b380000, 0x00000007c0000000)
  eden space 408064K, 100% used [0x000000076af00000,0x0000000783d80000,0x0000000783d80000)
  from space 5632K, 97% used [0x000000078a780000,0x000000078acd8000,0x000000078ad00000)
  to   space 6656K, 0% used [0x000000078ad00000,0x000000078ad00000,0x000000078b380000)
 ParOldGen       total 161792K, used 73900K [0x00000006c0c00000, 0x00000006caa00000, 0x000000076af00000)
  object space 161792K, 45% used [0x00000006c0c00000,0x00000006c542b280,0x00000006caa00000)
 Metaspace       used 11434K, capacity 11644K, committed 11904K, reserved 1060864K
  class space    used 1303K, capacity 1388K, committed 1408K, reserved 1048576K
Event: 486.187 GC heap after
Heap after GC invocations=641 (full 1):
 PSYoungGen      total 490496K, used 6304K [0x000000076af00000, 0x000000078b380000, 0x00000007c0000000)
  eden space 483840K, 0% used [0x000000076af00000,0x000000076af00000,0x0000000788780000)
  from space 6656K, 94% used [0x000000078ad00000,0x000000078b328000,0x000000078b380000)
  to   space 9728K, 0% used [0x000000078a080000,0x000000078a080000,0x000000078aa00000)
 ParOldGen       total 161792K, used 73900K [0x00000006c0c00000, 0x00000006caa00000, 0x000000076af00000)
  object space 161792K, 45% used [0x00000006c0c00000,0x00000006c542b280,0x00000006caa00000)
 Metaspace       used 11434K, capacity 11644K, committed 11904K, reserved 1060864K
  class space    used 1303K, capacity 1388K, committed 1408K, reserved 1048576K
}
Event: 487.644 GC heap before
{Heap before GC invocations=642 (full 1):
 PSYoungGen      total 490496K, used 490144K [0x000000076af00000, 0x000000078b380000, 0x00000007c0000000)
  eden space 483840K, 100% used [0x000000076af00000,0x0000000788780000,0x0000000788780000)
  from space 6656K, 94% used [0x000000078ad00000,0x000000078b328000,0x000000078b380000)
  to   space 9728K, 0% used [0x000000078a080000,0x000000078a080000,0x000000078aa00000)
 ParOldGen       total 161792K, used 73900K [0x00000006c0c00000, 0x00000006caa00000, 0x000000076af00000)
  object space 161792K, 45% used [0x00000006c0c00000,0x00000006c542b280,0x00000006caa00000)
 Metaspace       used 11434K, capacity 11644K, committed 11904K, reserved 1060864K
  class space    used 1303K, capacity 1388K, committed 1408K, reserved 1048576K
Event: 487.662 GC heap after
Heap after GC invocations=642 (full 1):
 PSYoungGen      total 519168K, used 4384K [0x000000076af00000, 0x000000078f180000, 0x00000007c0000000)
  eden space 509440K, 0% used [0x000000076af00000,0x000000076af00000,0x000000078a080000)
  from space 9728K, 45% used [0x000000078a080000,0x000000078a4c8000,0x000000078aa00000)
  to   space 9216K, 0% used [0x000000078e880000,0x000000078e880000,0x000000078f180000)
 ParOldGen       total 161792K, used 73900K [0x00000006c0c00000, 0x00000006caa00000, 0x000000076af00000)
  object space 161792K, 45% used [0x00000006c0c00000,0x00000006c542b280,0x00000006caa00000)
 Metaspace       used 11434K, capacity 11644K, committed 11904K, reserved 1060864K
  class space    used 1303K, capacity 1388K, committed 1408K, reserved 1048576K
}
Event: 489.112 GC heap before
{Heap before GC invocations=643 (full 1):
 PSYoungGen      total 519168K, used 513824K [0x000000076af00000, 0x000000078f180000, 0x00000007c0000000)
  eden space 509440K, 100% used [0x000000076af00000,0x000000078a080000,0x000000078a080000)
  from space 9728K, 45% used [0x000000078a080000,0x000000078a4c8000,0x000000078aa00000)
  to   space 9216K, 0% used [0x000000078e880000,0x000000078e880000,0x000000078f180000)
 ParOldGen       total 161792K, used 73900K [0x00000006c0c00000, 0x00000006caa00000, 0x000000076af00000)
  object space 161792K, 45% used [0x00000006c0c00000,0x00000006c542b280,0x00000006caa00000)
 Metaspace       used 11434K, capacity 11644K, committed 11904K, reserved 1060864K
  class space    used 1303K, capacity 1388K, committed 1408K, reserved 1048576K
Event: 489.128 GC heap after
Heap after GC invocations=643 (full 1):
 PSYoungGen      total 583168K, used 5600K [0x000000076af00000, 0x0000000790f00000, 0x00000007c0000000)
  eden space 573952K, 0% used [0x000000076af00000,0x000000076af00000,0x000000078df80000)
  from space 9216K, 60% used [0x000000078e880000,0x000000078edf8000,0x000000078f180000)
  to   space 9216K, 0% used [0x000000078df80000,0x000000078df80000,0x000000078e880000)
 ParOldGen       total 161792K, used 73900K [0x00000006c0c00000, 0x00000006caa00000, 0x000000076af00000)
  object space 161792K, 45% used [0x00000006c0c00000,0x00000006c542b280,0x00000006caa00000)
 Metaspace       used 11434K, capacity 11644K, committed 11904K, reserved 1060864K
  class space    used 1303K, capacity 1388K, committed 1408K, reserved 1048576K
}
Event: 490.811 GC heap before
{Heap before GC invocations=644 (full 1):
 PSYoungGen      total 583168K, used 579552K [0x000000076af00000, 0x0000000790f00000, 0x00000007c0000000)
  eden space 573952K, 100% used [0x000000076af00000,0x000000078df80000,0x000000078df80000)
  from space 9216K, 60% used [0x000000078e880000,0x000000078edf8000,0x000000078f180000)
  to   space 9216K, 0% used [0x000000078df80000,0x000000078df80000,0x000000078e880000)
 ParOldGen       total 161792K, used 73900K [0x00000006c0c00000, 0x00000006caa00000, 0x000000076af00000)
  object space 161792K, 45% used [0x00000006c0c00000,0x00000006c542b280,0x00000006caa00000)
 Metaspace       used 11434K, capacity 11644K, committed 11904K, reserved 1060864K
  class space    used 1303K, capacity 1388K, committed 1408K, reserved 1048576K
Event: 490.826 GC heap after
Heap after GC invocations=644 (full 1):
 PSYoungGen      total 583168K, used 5984K [0x000000076af00000, 0x0000000795a00000, 0x00000007c0000000)
  eden space 573952K, 0% used [0x000000076af00000,0x000000076af00000,0x000000078df80000)
  from space 9216K, 64% used [0x000000078df80000,0x000000078e558000,0x000000078e880000)
  to   space 9216K, 0% used [0x0000000795100000,0x0000000795100000,0x0000000795a00000)
 ParOldGen       total 161792K, used 73900K [0x00000006c0c00000, 0x00000006caa00000, 0x000000076af00000)
  object space 161792K, 45% used [0x00000006c0c00000,0x00000006c542b280,0x00000006caa00000)
 Metaspace       used 11434K, capacity 11644K, committed 11904K, reserved 1060864K
  class space    used 1303K, capacity 1388K, committed 1408K, reserved 1048576K
}
Event: 492.489 GC heap before
{Heap before GC invocations=645 (full 1):
 PSYoungGen      total 583168K, used 579936K [0x000000076af00000, 0x0000000795a00000, 0x00000007c0000000)
  eden space 573952K, 100% used [0x000000076af00000,0x000000078df80000,0x000000078df80000)
  from space 9216K, 64% used [0x000000078df80000,0x000000078e558000,0x000000078e880000)
  to   space 9216K, 0% used [0x0000000795100000,0x0000000795100000,0x0000000795a00000)
 ParOldGen       total 161792K, used 73900K [0x00000006c0c00000, 0x00000006caa00000, 0x000000076af00000)
  object space 161792K, 45% used [0x00000006c0c00000,0x00000006c542b280,0x00000006caa00000)
 Metaspace       used 11434K, capacity 11644K, committed 11904K, reserved 1060864K
  class space    used 1303K, capacity 1388K, committed 1408K, reserved 1048576K
Event: 492.518 GC heap after
Heap after GC invocations=645 (full 1):
 PSYoungGen      total 690176K, used 4576K [0x000000076af00000, 0x0000000795b00000, 0x00000007c0000000)
  eden space 680960K, 0% used [0x000000076af00000,0x000000076af00000,0x0000000794800000)
  from space 9216K, 49% used [0x0000000795100000,0x0000000795578000,0x0000000795a00000)
  to   space 9216K, 0% used [0x0000000794800000,0x0000000794800000,0x0000000795100000)
 ParOldGen       total 161792K, used 73900K [0x00000006c0c00000, 0x00000006caa00000, 0x000000076af00000)
  object space 161792K, 45% used [0x00000006c0c00000,0x00000006c542b280,0x00000006caa00000)
 Metaspace       used 11434K, capacity 11644K, committed 11904K, reserved 1060864K
  class space    used 1303K, capacity 1388K, committed 1408K, reserved 1048576K
}

